<?xml version="1.0" encoding="UTF-8"?>
<!-- Generated by org.testng.reporters.JUnitXMLReporter -->
<testsuite ignored="4" hostname="DESKTOP-0J9H01F" failures="0" tests="1" name="Default test" time="9.485" errors="0" timestamp="2023-06-27T15:06:03 EDT">
  <testcase classname="com.naveenautomationlabs.AutomationFramework.Tests.YourStoreTest" name="validateAddToWishList" time="1.467"/>
  <testcase classname="com.naveenautomationlabs.AutomationFramework.Tests.YourStoreTest" name="validateIPhoneAddToCartSuccessfull" time="0.0">
    <ignored/>
  </testcase> <!-- validateIPhoneAddToCartSuccessfull -->
  <testcase classname="com.naveenautomationlabs.AutomationFramework.Tests.YourStoreTest" name="validateMacBookAddToCartSuccessfull" time="0.0">
    <ignored/>
  </testcase> <!-- validateMacBookAddToCartSuccessfull -->
  <testcase classname="com.naveenautomationlabs.AutomationFramework.Tests.YourStoreTest" name="validateAddToCart" time="0.0">
    <ignored/>
  </testcase> <!-- validateAddToCart -->
  <testcase classname="com.naveenautomationlabs.AutomationFramework.Tests.YourStoreTest" name="validateSlider" time="0.0">
    <ignored/>
  </testcase> <!-- validateSlider -->
</testsuite> <!-- Default test -->
