<?xml version="1.0" encoding="UTF-8"?>
<!-- Generated by org.testng.reporters.JUnitXMLReporter -->
<testsuite ignored="4" hostname="DESKTOP-0J9H01F" failures="0" tests="1" name="Default test" time="9.392" errors="0" timestamp="2023-06-25T19:14:07 EDT">
  <testcase classname="com.naveenautomationlabs.AutomationFramework.Tests.YourStoreTest" name="validateAddToCart" time="2.219"/>
  <testcase classname="com.naveenautomationlabs.AutomationFramework.Tests.YourStoreTest" name="validateMacBookAddToWishList" time="0.0">
    <ignored/>
  </testcase> <!-- validateMacBookAddToWishList -->
  <testcase classname="com.naveenautomationlabs.AutomationFramework.Tests.YourStoreTest" name="validateIPhoneAddToCartSuccessfull" time="0.0">
    <ignored/>
  </testcase> <!-- validateIPhoneAddToCartSuccessfull -->
  <testcase classname="com.naveenautomationlabs.AutomationFramework.Tests.YourStoreTest" name="validateMacBookAddToCartSuccessfull" time="0.0">
    <ignored/>
  </testcase> <!-- validateMacBookAddToCartSuccessfull -->
  <testcase classname="com.naveenautomationlabs.AutomationFramework.Tests.YourStoreTest" name="validateSlider" time="0.0">
    <ignored/>
  </testcase> <!-- validateSlider -->
</testsuite> <!-- Default test -->
