<?xml version="1.0" encoding="UTF-8"?>
<testng-results ignored="4" total="5" passed="1" failed="0" skipped="0">
  <reporter-output>
  </reporter-output>
  <suite started-at="2023-06-27T15:05:53 EDT" name="Default suite" finished-at="2023-06-27T15:06:03 EDT" duration-ms="9485">
    <groups>
    </groups>
    <test started-at="2023-06-27T15:05:53 EDT" name="Default test" finished-at="2023-06-27T15:06:03 EDT" duration-ms="9485">
      <class name="com.naveenautomationlabs.AutomationFramework.Tests.YourStoreTest">
        <test-method is-config="true" signature="setUpLogger()[pri:0, instance:com.naveenautomationlabs.AutomationFramework.Tests.YourStoreTest@5562c41e]" started-at="2023-06-27T15:05:53 EDT" name="setUpLogger" finished-at="2023-06-27T15:05:54 EDT" duration-ms="151" status="PASS">
          <reporter-output>
          </reporter-output>
        </test-method> <!-- setUpLogger -->
        <test-method is-config="true" signature="setUp()[pri:0, instance:com.naveenautomationlabs.AutomationFramework.Tests.YourStoreTest@5562c41e]" started-at="2023-06-27T15:05:54 EDT" name="setUp" finished-at="2023-06-27T15:06:01 EDT" duration-ms="7400" status="PASS">
          <reporter-output>
          </reporter-output>
        </test-method> <!-- setUp -->
        <test-method signature="validateAddToWishList()[pri:0, instance:com.naveenautomationlabs.AutomationFramework.Tests.YourStoreTest@5562c41e]" started-at="2023-06-27T15:06:01 EDT" name="validateAddToWishList" finished-at="2023-06-27T15:06:03 EDT" duration-ms="1467" status="PASS">
          <reporter-output>
          </reporter-output>
        </test-method> <!-- validateAddToWishList -->
        <test-method is-config="true" signature="quit()[pri:0, instance:com.naveenautomationlabs.AutomationFramework.Tests.YourStoreTest@5562c41e]" started-at="2023-06-27T15:06:03 EDT" name="quit" finished-at="2023-06-27T15:06:03 EDT" duration-ms="408" status="PASS">
          <reporter-output>
          </reporter-output>
        </test-method> <!-- quit -->
      </class> <!-- com.naveenautomationlabs.AutomationFramework.Tests.YourStoreTest -->
    </test> <!-- Default test -->
  </suite> <!-- Default suite -->
</testng-results>
