<?xml version="1.0" encoding="UTF-8"?>
<testng-results ignored="4" total="5" passed="1" failed="0" skipped="0">
  <reporter-output>
  </reporter-output>
  <suite started-at="2023-06-25T19:13:57 EDT" name="Default suite" finished-at="2023-06-25T19:14:07 EDT" duration-ms="9392">
    <groups>
    </groups>
    <test started-at="2023-06-25T19:13:57 EDT" name="Default test" finished-at="2023-06-25T19:14:07 EDT" duration-ms="9392">
      <class name="com.naveenautomationlabs.AutomationFramework.Tests.YourStoreTest">
        <test-method is-config="true" signature="setUpLogger()[pri:0, instance:com.naveenautomationlabs.AutomationFramework.Tests.YourStoreTest@53fdffa1]" started-at="2023-06-25T19:13:57 EDT" name="setUpLogger" finished-at="2023-06-25T19:13:58 EDT" duration-ms="187" status="PASS">
          <reporter-output>
          </reporter-output>
        </test-method> <!-- setUpLogger -->
        <test-method is-config="true" signature="setUp()[pri:0, instance:com.naveenautomationlabs.AutomationFramework.Tests.YourStoreTest@53fdffa1]" started-at="2023-06-25T19:13:58 EDT" name="setUp" finished-at="2023-06-25T19:14:04 EDT" duration-ms="6384" status="PASS">
          <reporter-output>
          </reporter-output>
        </test-method> <!-- setUp -->
        <test-method signature="validateAddToCart()[pri:0, instance:com.naveenautomationlabs.AutomationFramework.Tests.YourStoreTest@53fdffa1]" started-at="2023-06-25T19:14:04 EDT" name="validateAddToCart" finished-at="2023-06-25T19:14:06 EDT" duration-ms="2219" status="PASS">
          <reporter-output>
          </reporter-output>
        </test-method> <!-- validateAddToCart -->
        <test-method is-config="true" signature="quit()[pri:0, instance:com.naveenautomationlabs.AutomationFramework.Tests.YourStoreTest@53fdffa1]" started-at="2023-06-25T19:14:06 EDT" name="quit" finished-at="2023-06-25T19:14:07 EDT" duration-ms="556" status="PASS">
          <reporter-output>
          </reporter-output>
        </test-method> <!-- quit -->
      </class> <!-- com.naveenautomationlabs.AutomationFramework.Tests.YourStoreTest -->
    </test> <!-- Default test -->
  </suite> <!-- Default suite -->
</testng-results>
